#
# A fatal error has been detected by the Java Runtime Environment:
#
#  EXCEPTION_ACCESS_VIOLATION (0xc0000005) at pc=0x00007ffdf63bf20d, pid=9244, tid=4696
#
# JRE version: Java(TM) SE Runtime Environment (8.0_66-b18) (build 1.8.0_66-b18)
# Java VM: Java HotSpot(TM) 64-Bit Server VM (25.66-b18 mixed mode windows-amd64 compressed oops)
# Problematic frame:
# C  [ig9icd64.dll+0x8f20d]
#
# Failed to write core dump. Minidumps are not enabled by default on client versions of Windows
#
# If you would like to submit a bug report, please visit:
#   http://bugreport.java.com/bugreport/crash.jsp
# The crash happened outside the Java Virtual Machine in native code.
# See problematic frame for where to report the bug.
#

---------------  T H R E A D  ---------------

Current thread (0x0000000002290800):  JavaThread "main" [_thread_in_native, id=4696, stack(0x0000000002190000,0x0000000002290000)]

siginfo: ExceptionCode=0xc0000005, writing address 0x00000000000000a8

Registers:
RAX=0x00000000000000a8, RBX=0x000000000063ebc0, RCX=0x0000000000000400, RDX=0x0000000058f9cf60
RSP=0x000000000228ef40, RBP=0x00000000062d0bba, RSI=0x00000000000000a8, RDI=0x0000000000000000
R8 =0x0000000000000000, R9 =0x0000000059a1a000, R10=0x0000000000000001, R11=0x0000000059a1a6b0
R12=0x0000000000000000, R13=0x00000000006101c0, R14=0x0000000000000000, R15=0x00000000000000a0
RIP=0x00007ffdf63bf20d, EFLAGS=0x0000000000010202

Top of Stack: (sp=0x000000000228ef40)
0x000000000228ef40:   fffffffffffffffe 0000000000000400
0x000000000228ef50:   0000000000000000 0000000000000000
0x000000000228ef60:   000000000068c110 0000000000000000
0x000000000228ef70:   0000000059a1a000 0000000058f9cf60
0x000000000228ef80:   000000000068c110 000000000063ebc0
0x000000000228ef90:   000000000063ef90 00007ffdf63adebe
0x000000000228efa0:   0000000005000000 000000000228f0a0
0x000000000228efb0:   0000000058f9cf60 0000000000000000
0x000000000228efc0:   0000000000000001 00007ffd00000000
0x000000000228efd0:   000000005deeea00 000000000228f039
0x000000000228efe0:   010000007a000004 0000000000000000
0x000000000228eff0:   0000000000000000 0000000000000000
0x000000000228f000:   01000c1c7a000004 0000000000000000
0x000000000228f010:   0000000000000000 0000000000000002
0x000000000228f020:   00000000400000c0 0000000000000000
0x000000000228f030:   0000000000000000 0000000000000000 

Instructions: (pc=0x00007ffdf63bf20d)
0x00007ffdf63bf1ed:   03 c6 48 85 c0 75 19 8b d7 48 8b ce e8 a2 1c 4d
0x00007ffdf63bf1fd:   00 48 85 c0 75 0a 8b d7 48 8b ce e8 73 1d 4d 00
0x00007ffdf63bf20d:   48 89 28 48 8b 6c 24 68 41 c7 46 10 00 00 00 00
0x00007ffdf63bf21d:   48 8b 43 10 4c 8b 74 24 78 48 8b 88 c8 01 02 00 


Register to memory mapping:

RAX=0x00000000000000a8 is an unknown value
RBX=0x000000000063ebc0 is an unknown value
RCX=0x0000000000000400 is an unknown value
RDX=0x0000000058f9cf60 is an unknown value
RSP=0x000000000228ef40 is pointing into the stack for thread: 0x0000000002290800
RBP=0x00000000062d0bba is an unknown value
RSI=0x00000000000000a8 is an unknown value
RDI=0x0000000000000000 is an unknown value
R8 =0x0000000000000000 is an unknown value
R9 =0x0000000059a1a000 is an unknown value
R10=0x0000000000000001 is an unknown value
R11=0x0000000059a1a6b0 is an unknown value
R12=0x0000000000000000 is an unknown value
R13=0x00000000006101c0 is an unknown value
R14=0x0000000000000000 is an unknown value
R15=0x00000000000000a0 is an unknown value


Stack: [0x0000000002190000,0x0000000002290000],  sp=0x000000000228ef40,  free space=1019k
Native frames: (J=compiled Java code, j=interpreted, Vv=VM code, C=native code)
C  [ig9icd64.dll+0x8f20d]
C  [ig9icd64.dll+0x7debe]
C  [ig9icd64.dll+0x1ac28d]
C  [ig9icd64.dll+0xf926a]
C  [ig9icd64.dll+0x2f71df]
C  [ig9icd64.dll+0x4dbb15]
C  [ig9icd64.dll+0x4dc291]
C  0x00000000026ab59c

Java frames: (J=compiled Java code, j=interpreted, Vv=VM code)
J 749  org.lwjgl.system.JNI.callIIIPV(JIIIJ)V (0 bytes) @ 0x00000000026ab516 [0x00000000026ab4c0+0x56]
J 781 C2 graphics.GLView.Draw()V (45 bytes) @ 0x00000000026c4028 [0x00000000026c3740+0x8e8]
J 817% C2 Game_Main.run()V (252 bytes) @ 0x00000000026db9fc [0x00000000026db8c0+0x13c]
j  Game_Main.start()V+5
j  Game_Main.main([Ljava/lang/String;)V+7
v  ~StubRoutines::call_stub

---------------  P R O C E S S  ---------------

Java Threads: ( => current thread )
  0x000000005f745000 JavaThread "Java2D Disposer" daemon [_thread_blocked, id=6964, stack(0x000000005e4a0000,0x000000005e5a0000)]
  0x00000000187df000 JavaThread "Service Thread" daemon [_thread_blocked, id=8532, stack(0x0000000018bb0000,0x0000000018cb0000)]
  0x0000000016e85000 JavaThread "C1 CompilerThread2" daemon [_thread_blocked, id=6012, stack(0x00000000186b0000,0x00000000187b0000)]
  0x0000000016e82000 JavaThread "C2 CompilerThread1" daemon [_thread_blocked, id=9752, stack(0x00000000185b0000,0x00000000186b0000)]
  0x0000000016e7c000 JavaThread "C2 CompilerThread0" daemon [_thread_blocked, id=200, stack(0x00000000184b0000,0x00000000185b0000)]
  0x0000000016e7a800 JavaThread "Attach Listener" daemon [_thread_blocked, id=3380, stack(0x00000000183b0000,0x00000000184b0000)]
  0x0000000016e79000 JavaThread "Signal Dispatcher" daemon [_thread_blocked, id=2960, stack(0x00000000182b0000,0x00000000183b0000)]
  0x0000000002385800 JavaThread "Finalizer" daemon [_thread_blocked, id=10420, stack(0x00000000180d0000,0x00000000181d0000)]
  0x000000000237d000 JavaThread "Reference Handler" daemon [_thread_blocked, id=4572, stack(0x0000000017fd0000,0x00000000180d0000)]
=>0x0000000002290800 JavaThread "main" [_thread_in_native, id=4696, stack(0x0000000002190000,0x0000000002290000)]

Other Threads:
  0x0000000016e47000 VMThread [stack: 0x0000000017ed0000,0x0000000017fd0000] [id=9688]
  0x0000000018823800 WatcherThread [stack: 0x0000000018cb0000,0x0000000018db0000] [id=5352]

VM state:not at safepoint (normal execution)

VM Mutex/Monitor currently owned by a thread: None

Heap:
 PSYoungGen      total 207360K, used 201159K [0x00000000d6000000, 0x00000000eb180000, 0x0000000100000000)
  eden space 154112K, 95% used [0x00000000d6000000,0x00000000df079e18,0x00000000df680000)
  from space 53248K, 99% used [0x00000000dfb80000,0x00000000e2f78000,0x00000000e2f80000)
  to   space 95744K, 0% used [0x00000000e5400000,0x00000000e5400000,0x00000000eb180000)
 ParOldGen       total 158720K, used 40554K [0x0000000082000000, 0x000000008bb00000, 0x00000000d6000000)
  object space 158720K, 25% used [0x0000000082000000,0x000000008479aa68,0x000000008bb00000)
 Metaspace       used 10225K, capacity 10390K, committed 10752K, reserved 1058816K
  class space    used 903K, capacity 953K, committed 1024K, reserved 1048576K

Card table byte_map: [0x0000000011750000,0x0000000011b50000] byte_map_base: 0x0000000011340000

Marking Bits: (ParMarkBitMap*) 0x000000005edaa5b0
 Begin Bits: [0x00000000121f0000, 0x0000000014170000)
 End Bits:   [0x0000000014170000, 0x00000000160f0000)

Polling page: 0x00000000004f0000

CodeCache: size=245760Kb used=3367Kb max_used=3382Kb free=242392Kb
 bounds [0x0000000002390000, 0x00000000026e0000, 0x0000000011390000]
 total_blobs=1555 nmethods=818 adapters=650
 compilation: enabled

Compilation events (10 events):
Event: 35.212 Thread 0x0000000016e85000  814   !   3       java.lang.ref.Reference$ReferenceHandler::run (102 bytes)
Event: 35.214 Thread 0x0000000016e85000 nmethod 814 0x00000000026cb390 code [0x00000000026cb5e0, 0x00000000026cc4b8]
Event: 62.905 Thread 0x0000000016e85000  815 %     3       Game_Main::run @ 9 (252 bytes)
Event: 62.915 Thread 0x0000000016e85000 nmethod 815% 0x00000000026d0010 code [0x00000000026d04e0, 0x00000000026d26b8]
Event: 63.962 Thread 0x0000000016e85000  816       3       Game_Main::run (252 bytes)
Event: 63.970 Thread 0x0000000016e85000 nmethod 816 0x00000000026d40d0 code [0x00000000026d45a0, 0x00000000026d66b8]
Event: 107.868 Thread 0x0000000016e82000  817 %     4       Game_Main::run @ 9 (252 bytes)
Event: 107.936 Thread 0x0000000016e82000 nmethod 817% 0x00000000026db690 code [0x00000000026db8c0, 0x00000000026dc2c0]
Event: 113.391 Thread 0x0000000016e7c000  818 % !   4       java.lang.ref.Reference$ReferenceHandler::run @ 0 (102 bytes)
Event: 113.438 Thread 0x0000000016e7c000 nmethod 818% 0x00000000026d8850 code [0x00000000026d8a40, 0x00000000026d9a68]

GC Heap History (10 events):
Event: 1672.793 GC heap before
{Heap before GC invocations=17 (full 2):
 PSYoungGen      total 283136K, used 246752K [0x00000000d6000000, 0x00000000ee000000, 0x0000000100000000)
  eden space 183296K, 100% used [0x00000000d6000000,0x00000000e1300000,0x00000000e1300000)
  from space 99840K, 63% used [0x00000000e7e80000,0x00000000ebc78000,0x00000000ee000000)
  to   space 104960K, 0% used [0x00000000e1300000,0x00000000e1300000,0x00000000e7980000)
 ParOldGen       total 158720K, used 40554K [0x0000000082000000, 0x000000008bb00000, 0x00000000d6000000)
  object space 158720K, 25% used [0x0000000082000000,0x000000008479aa68,0x000000008bb00000)
 Metaspace       used 10225K, capacity 10390K, committed 10752K, reserved 1058816K
  class space    used 903K, capacity 953K, committed 1024K, reserved 1048576K
Event: 1673.006 GC heap after
Heap after GC invocations=17 (full 2):
 PSYoungGen      total 238080K, used 61248K [0x00000000d6000000, 0x00000000eda80000, 0x0000000100000000)
  eden space 176640K, 0% used [0x00000000d6000000,0x00000000d6000000,0x00000000e0c80000)
  from space 61440K, 99% used [0x00000000e1300000,0x00000000e4ed0000,0x00000000e4f00000)
  to   space 105472K, 0% used [0x00000000e7380000,0x00000000e7380000,0x00000000eda80000)
 ParOldGen       total 158720K, used 40554K [0x0000000082000000, 0x000000008bb00000, 0x00000000d6000000)
  object space 158720K, 25% used [0x0000000082000000,0x000000008479aa68,0x000000008bb00000)
 Metaspace       used 10225K, capacity 10390K, committed 10752K, reserved 1058816K
  class space    used 903K, capacity 953K, committed 1024K, reserved 1048576K
}
Event: 1841.105 GC heap before
{Heap before GC invocations=18 (full 2):
 PSYoungGen      total 238080K, used 237888K [0x00000000d6000000, 0x00000000eda80000, 0x0000000100000000)
  eden space 176640K, 100% used [0x00000000d6000000,0x00000000e0c80000,0x00000000e0c80000)
  from space 61440K, 99% used [0x00000000e1300000,0x00000000e4ed0000,0x00000000e4f00000)
  to   space 105472K, 0% used [0x00000000e7380000,0x00000000e7380000,0x00000000eda80000)
 ParOldGen       total 158720K, used 40554K [0x0000000082000000, 0x000000008bb00000, 0x00000000d6000000)
  object space 158720K, 25% used [0x0000000082000000,0x000000008479aa68,0x000000008bb00000)
 Metaspace       used 10225K, capacity 10390K, committed 10752K, reserved 1058816K
  class space    used 903K, capacity 953K, committed 1024K, reserved 1048576K
Event: 1841.284 GC heap after
Heap after GC invocations=18 (full 2):
 PSYoungGen      total 267776K, used 59008K [0x00000000d6000000, 0x00000000ed280000, 0x0000000100000000)
  eden space 170496K, 0% used [0x00000000d6000000,0x00000000d6000000,0x00000000e0680000)
  from space 97280K, 60% used [0x00000000e7380000,0x00000000ead20000,0x00000000ed280000)
  to   space 104448K, 0% used [0x00000000e0680000,0x00000000e0680000,0x00000000e6c80000)
 ParOldGen       total 158720K, used 40554K [0x0000000082000000, 0x000000008bb00000, 0x00000000d6000000)
  object space 158720K, 25% used [0x0000000082000000,0x000000008479aa68,0x000000008bb00000)
 Metaspace       used 10225K, capacity 10390K, committed 10752K, reserved 1058816K
  class space    used 903K, capacity 953K, committed 1024K, reserved 1048576K
}
Event: 1987.618 GC heap before
{Heap before GC invocations=19 (full 2):
 PSYoungGen      total 267776K, used 229504K [0x00000000d6000000, 0x00000000ed280000, 0x0000000100000000)
  eden space 170496K, 100% used [0x00000000d6000000,0x00000000e0680000,0x00000000e0680000)
  from space 97280K, 60% used [0x00000000e7380000,0x00000000ead20000,0x00000000ed280000)
  to   space 104448K, 0% used [0x00000000e0680000,0x00000000e0680000,0x00000000e6c80000)
 ParOldGen       total 158720K, used 40554K [0x0000000082000000, 0x000000008bb00000, 0x00000000d6000000)
  object space 158720K, 25% used [0x0000000082000000,0x000000008479aa68,0x000000008bb00000)
 Metaspace       used 10225K, capacity 10390K, committed 10752K, reserved 1058816K
  class space    used 903K, capacity 953K, committed 1024K, reserved 1048576K
Event: 1987.786 GC heap after
Heap after GC invocations=19 (full 2):
 PSYoungGen      total 222208K, used 56928K [0x00000000d6000000, 0x00000000ec900000, 0x0000000100000000)
  eden space 164864K, 0% used [0x00000000d6000000,0x00000000d6000000,0x00000000e0100000)
  from space 57344K, 99% used [0x00000000e0680000,0x00000000e3e18000,0x00000000e3e80000)
  to   space 102400K, 0% used [0x00000000e6500000,0x00000000e6500000,0x00000000ec900000)
 ParOldGen       total 158720K, used 40554K [0x0000000082000000, 0x000000008bb00000, 0x00000000d6000000)
  object space 158720K, 25% used [0x0000000082000000,0x000000008479aa68,0x000000008bb00000)
 Metaspace       used 10225K, capacity 10390K, committed 10752K, reserved 1058816K
  class space    used 903K, capacity 953K, committed 1024K, reserved 1048576K
}
Event: 2140.181 GC heap before
{Heap before GC invocations=20 (full 2):
 PSYoungGen      total 222208K, used 221792K [0x00000000d6000000, 0x00000000ec900000, 0x0000000100000000)
  eden space 164864K, 100% used [0x00000000d6000000,0x00000000e0100000,0x00000000e0100000)
  from space 57344K, 99% used [0x00000000e0680000,0x00000000e3e18000,0x00000000e3e80000)
  to   space 102400K, 0% used [0x00000000e6500000,0x00000000e6500000,0x00000000ec900000)
 ParOldGen       total 158720K, used 40554K [0x0000000082000000, 0x000000008bb00000, 0x00000000d6000000)
  object space 158720K, 25% used [0x0000000082000000,0x000000008479aa68,0x000000008bb00000)
 Metaspace       used 10225K, capacity 10390K, committed 10752K, reserved 1058816K
  class space    used 903K, capacity 953K, committed 1024K, reserved 1048576K
Event: 2140.348 GC heap after
Heap after GC invocations=20 (full 2):
 PSYoungGen      total 249856K, used 55104K [0x00000000d6000000, 0x00000000ebd80000, 0x0000000100000000)
  eden space 159232K, 0% used [0x00000000d6000000,0x00000000d6000000,0x00000000dfb80000)
  from space 90624K, 60% used [0x00000000e6500000,0x00000000e9ad0000,0x00000000ebd80000)
  to   space 99328K, 0% used [0x00000000dfb80000,0x00000000dfb80000,0x00000000e5c80000)
 ParOldGen       total 158720K, used 40554K [0x0000000082000000, 0x000000008bb00000, 0x00000000d6000000)
  object space 158720K, 25% used [0x0000000082000000,0x000000008479aa68,0x000000008bb00000)
 Metaspace       used 10225K, capacity 10390K, committed 10752K, reserved 1058816K
  class space    used 903K, capacity 953K, committed 1024K, reserved 1048576K
}
Event: 2315.607 GC heap before
{Heap before GC invocations=21 (full 2):
 PSYoungGen      total 249856K, used 214336K [0x00000000d6000000, 0x00000000ebd80000, 0x0000000100000000)
  eden space 159232K, 100% used [0x00000000d6000000,0x00000000dfb80000,0x00000000dfb80000)
  from space 90624K, 60% used [0x00000000e6500000,0x00000000e9ad0000,0x00000000ebd80000)
  to   space 99328K, 0% used [0x00000000dfb80000,0x00000000dfb80000,0x00000000e5c80000)
 ParOldGen       total 158720K, used 40554K [0x0000000082000000, 0x000000008bb00000, 0x00000000d6000000)
  object space 158720K, 25% used [0x0000000082000000,0x000000008479aa68,0x000000008bb00000)
 Metaspace       used 10225K, capacity 10390K, committed 10752K, reserved 1058816K
  class space    used 903K, capacity 953K, committed 1024K, reserved 1048576K
Event: 2315.753 GC heap after
Heap after GC invocations=21 (full 2):
 PSYoungGen      total 207360K, used 53216K [0x00000000d6000000, 0x00000000eb180000, 0x0000000100000000)
  eden space 154112K, 0% used [0x00000000d6000000,0x00000000d6000000,0x00000000df680000)
  from space 53248K, 99% used [0x00000000dfb80000,0x00000000e2f78000,0x00000000e2f80000)
  to   space 95744K, 0% used [0x00000000e5400000,0x00000000e5400000,0x00000000eb180000)
 ParOldGen       total 158720K, used 40554K [0x0000000082000000, 0x000000008bb00000, 0x00000000d6000000)
  object space 158720K, 25% used [0x0000000082000000,0x000000008479aa68,0x000000008bb00000)
 Metaspace       used 10225K, capacity 10390K, committed 10752K, reserved 1058816K
  class space    used 903K, capacity 953K, committed 1024K, reserved 1048576K
}

Deoptimization events (10 events):
Event: 0.383 Thread 0x0000000002290800 Uncommon trap: reason=unstable_if action=reinterpret pc=0x000000000256dfc0 method=sun.misc.MetaIndex.mayContain(Ljava/lang/String;)Z @ 13
Event: 0.448 Thread 0x0000000002290800 Uncommon trap: reason=unstable_if action=reinterpret pc=0x00000000025252dc method=java.lang.String.indexOf([CII[CIII)I @ 3
Event: 0.866 Thread 0x0000000002290800 Uncommon trap: reason=unstable_if action=reinterpret pc=0x00000000026463a0 method=graphics.Texture.load(Ljava/lang/String;)I @ 173
Event: 1.036 Thread 0x0000000002290800 Uncommon trap: reason=unstable_if action=reinterpret pc=0x00000000026459dc method=graphics.Texture.load(Ljava/lang/String;)I @ 173
Event: 1.061 Thread 0x0000000002290800 Uncommon trap: reason=unstable_if action=reinterpret pc=0x000000000261d798 method=sun.awt.image.ByteInterleavedRaster.putByteData(IIII[B)V @ 395
Event: 1.066 Thread 0x0000000002290800 Uncommon trap: reason=unstable_if action=reinterpret pc=0x0000000002654c58 method=java.awt.image.ComponentColorModel.getRGB(Ljava/lang/Object;)I @ 4
Event: 1.066 Thread 0x0000000002290800 Uncommon trap: reason=unstable_if action=reinterpret pc=0x0000000002602920 method=java.awt.image.ComponentColorModel.getAlpha(Ljava/lang/Object;)I @ 4
Event: 1.066 Thread 0x0000000002290800 Uncommon trap: reason=unstable_if action=reinterpret pc=0x0000000002603984 method=java.awt.image.ComponentColorModel.extractComponent(Ljava/lang/Object;II)I @ 4
Event: 1.066 Thread 0x0000000002290800 Uncommon trap: reason=unstable_if action=reinterpret pc=0x00000000026030e4 method=java.awt.image.ComponentColorModel.getAlpha(Ljava/lang/Object;)I @ 4
Event: 1.068 Thread 0x0000000002290800 Uncommon trap: reason=unstable_if action=reinterpret pc=0x0000000002647224 method=java.awt.image.ComponentColorModel.getAlpha(Ljava/lang/Object;)I @ 4

Internal exceptions (9 events):
Event: 0.032 Thread 0x0000000002290800 Exception <a 'java/lang/NoSuchMethodError': Method sun.misc.Unsafe.defineClass(Ljava/lang/String;[BII)Ljava/lang/Class; name or signature does not match> (0x00000000d600cee8) thrown at [C:\re\workspace\8-2-build-windows-amd64-cygwin\jdk8u66\5298\hotspot\sr"Ýý¦ ?
Event: 0.032 Thread 0x0000000002290800 Exception <a 'java/lang/NoSuchMethodError': Method sun.misc.Unsafe.prefetchRead(Ljava/lang/Object;J)V name or signature does not match> (0x00000000d600d1d0) thrown at [C:\re\workspace\8-2-build-windows-amd64-cygwin\jdk8u66\5298\hotspot\src\share\vm\prims\jÙJ	Tv„Ø?
Event: 0.383 Thread 0x0000000002290800 Exception <a 'java/security/PrivilegedActionException'> (0x00000000d6c2d360) thrown at [C:\re\workspace\8-2-build-windows-amd64-cygwin\jdk8u66\5298\hotspot\src\share\vm\prims\jvm.cpp, line 1386]
Event: 0.383 Thread 0x0000000002290800 Exception <a 'java/security/PrivilegedActionException'> (0x00000000d6c2d758) thrown at [C:\re\workspace\8-2-build-windows-amd64-cygwin\jdk8u66\5298\hotspot\src\share\vm\prims\jvm.cpp, line 1386]
Event: 0.384 Thread 0x0000000002290800 Exception <a 'java/security/PrivilegedActionException'> (0x00000000d6c316d0) thrown at [C:\re\workspace\8-2-build-windows-amd64-cygwin\jdk8u66\5298\hotspot\src\share\vm\prims\jvm.cpp, line 1386]
Event: 0.384 Thread 0x0000000002290800 Exception <a 'java/security/PrivilegedActionException'> (0x00000000d6c31ac8) thrown at [C:\re\workspace\8-2-build-windows-amd64-cygwin\jdk8u66\5298\hotspot\src\share\vm\prims\jvm.cpp, line 1386]
Event: 0.387 Thread 0x0000000002290800 Exception <a 'java/io/FileNotFoundException'> (0x00000000d6c33e78) thrown at [C:\re\workspace\8-2-build-windows-amd64-cygwin\jdk8u66\5298\hotspot\src\share\vm\prims\jni.cpp, line 709]
Event: 0.416 Thread 0x0000000002290800 Exception <a 'java/lang/NoSuchFieldError': method resolution failed> (0x00000000d6d01788) thrown at [C:\re\workspace\8-2-build-windows-amd64-cygwin\jdk8u66\5298\hotspot\src\share\vm\prims\methodHandles.cpp, line 1146]
Event: 0.418 Thread 0x0000000002290800 Exception <a 'java/lang/NoSuchFieldError': method resolution failed> (0x00000000d6d0ee78) thrown at [C:\re\workspace\8-2-build-windows-amd64-cygwin\jdk8u66\5298\hotspot\src\share\vm\prims\methodHandles.cpp, line 1146]

Events (10 events):
Event: 1672.793 Executing VM operation: ParallelGCFailedAllocation
Event: 1673.006 Executing VM operation: ParallelGCFailedAllocation done
Event: 1841.104 Executing VM operation: ParallelGCFailedAllocation
Event: 1841.284 Executing VM operation: ParallelGCFailedAllocation done
Event: 1987.618 Executing VM operation: ParallelGCFailedAllocation
Event: 1987.787 Executing VM operation: ParallelGCFailedAllocation done
Event: 2140.181 Executing VM operation: ParallelGCFailedAllocation
Event: 2140.348 Executing VM operation: ParallelGCFailedAllocation done
Event: 2315.607 Executing VM operation: ParallelGCFailedAllocation
Event: 2315.753 Executing VM operation: ParallelGCFailedAllocation done


Dynamic libraries:
0x00007ff7d8b40000 - 0x00007ff7d8b77000 	C:\Program Files\Java\jre1.8.0_66\bin\javaw.exe
0x00007ffe34750000 - 0x00007ffe34911000 	C:\WINDOWS\SYSTEM32\ntdll.dll
0x00007ffe31bf0000 - 0x00007ffe31c9d000 	C:\WINDOWS\system32\KERNEL32.DLL
0x00007ffe31610000 - 0x00007ffe317f8000 	C:\WINDOWS\system32\KERNELBASE.dll
0x00007ffe33140000 - 0x00007ffe331e7000 	C:\WINDOWS\system32\ADVAPI32.dll
0x00007ffe31f60000 - 0x00007ffe31ffd000 	C:\WINDOWS\system32\msvcrt.dll
0x00007ffe32280000 - 0x00007ffe322db000 	C:\WINDOWS\system32\sechost.dll
0x00007ffe322e0000 - 0x00007ffe323fc000 	C:\WINDOWS\system32\RPCRT4.dll
0x00007ffe32b30000 - 0x00007ffe32c86000 	C:\WINDOWS\system32\USER32.dll
0x00007ffe329a0000 - 0x00007ffe32b26000 	C:\WINDOWS\system32\GDI32.dll
0x00007ffe28510000 - 0x00007ffe28784000 	C:\WINDOWS\WinSxS\amd64_microsoft.windows.common-controls_6595b64144ccf1df_6.0.10586.0_none_8c15ae12515e1c22\COMCTL32.dll
0x00007ffe32000000 - 0x00007ffe3227d000 	C:\WINDOWS\system32\combase.dll
0x00007ffe31800000 - 0x00007ffe3186a000 	C:\WINDOWS\system32\bcryptPrimitives.dll
0x00007ffe31b50000 - 0x00007ffe31b8b000 	C:\WINDOWS\system32\IMM32.DLL
0x000000005dc40000 - 0x000000005dd12000 	C:\Program Files\Java\jre1.8.0_66\bin\msvcr100.dll
0x000000005e5a0000 - 0x000000005ee29000 	C:\Program Files\Java\jre1.8.0_66\bin\server\jvm.dll
0x00007ffe32c90000 - 0x00007ffe32c98000 	C:\WINDOWS\system32\PSAPI.DLL
0x00007ffe2e840000 - 0x00007ffe2e849000 	C:\WINDOWS\SYSTEM32\WSOCK32.dll
0x00007ffe2f250000 - 0x00007ffe2f273000 	C:\WINDOWS\SYSTEM32\WINMM.dll
0x00007ffe26230000 - 0x00007ffe2623a000 	C:\WINDOWS\SYSTEM32\VERSION.dll
0x00007ffe2f220000 - 0x00007ffe2f24c000 	C:\WINDOWS\SYSTEM32\WINMMBASE.dll
0x00007ffe314e0000 - 0x00007ffe31523000 	C:\WINDOWS\system32\cfgmgr32.dll
0x00007ffe31cc0000 - 0x00007ffe31d2b000 	C:\WINDOWS\system32\WS2_32.dll
0x000000005f620000 - 0x000000005f62f000 	C:\Program Files\Java\jre1.8.0_66\bin\verify.dll
0x000000005f5f0000 - 0x000000005f619000 	C:\Program Files\Java\jre1.8.0_66\bin\java.dll
0x000000005f5d0000 - 0x000000005f5e6000 	C:\Program Files\Java\jre1.8.0_66\bin\zip.dll
0x00007ffe331f0000 - 0x00007ffe3474c000 	C:\WINDOWS\system32\SHELL32.dll
0x00007ffe30e00000 - 0x00007ffe31445000 	C:\WINDOWS\system32\windows.storage.dll
0x00007ffe31b90000 - 0x00007ffe31be2000 	C:\WINDOWS\system32\shlwapi.dll
0x00007ffe30dc0000 - 0x00007ffe30dcf000 	C:\WINDOWS\system32\kernel.appcore.dll
0x00007ffe31550000 - 0x00007ffe31605000 	C:\WINDOWS\system32\shcore.dll
0x00007ffe30d70000 - 0x00007ffe30dbb000 	C:\WINDOWS\system32\powrprof.dll
0x00007ffe30dd0000 - 0x00007ffe30de4000 	C:\WINDOWS\system32\profapi.dll
0x00007ffe20f50000 - 0x00007ffe20fd8000 	C:\Users\Jacob\workspace\WumpusWorld\res\lwjgl\native\lwjgl.dll
0x00007ffe30870000 - 0x00007ffe3087b000 	C:\WINDOWS\SYSTEM32\CRYPTBASE.DLL
0x00007ffe20f00000 - 0x00007ffe20f42000 	C:\Users\Jacob\workspace\WumpusWorld\res\lwjgl\native\jemalloc.dll
0x00007ffe20ec0000 - 0x00007ffe20ef8000 	C:\Users\Jacob\workspace\WumpusWorld\res\lwjgl\native\glfw.dll
0x00007ffe2f640000 - 0x00007ffe2f6d6000 	C:\WINDOWS\system32\uxtheme.dll
0x00007ffe2d2e0000 - 0x00007ffe2d302000 	C:\WINDOWS\SYSTEM32\dwmapi.dll
0x00007ffe1bba0000 - 0x00007ffe1bcc9000 	C:\WINDOWS\SYSTEM32\opengl32.dll
0x00007ffe1ada0000 - 0x00007ffe1ae9a000 	C:\WINDOWS\SYSTEM32\DDRAW.dll
0x00007ffe1dc10000 - 0x00007ffe1dc3e000 	C:\WINDOWS\SYSTEM32\GLU32.dll
0x00007ffe22c10000 - 0x00007ffe22c18000 	C:\WINDOWS\SYSTEM32\DCIMAN32.dll
0x00007ffe32660000 - 0x00007ffe327ba000 	C:\WINDOWS\system32\MSCTF.dll
0x00007ffe1f740000 - 0x00007ffe1f7e3000 	C:\Program Files\Common Files\microsoft shared\ink\tiptsf.dll
0x00007ffe328d0000 - 0x00007ffe32991000 	C:\WINDOWS\system32\OLEAUT32.dll
0x00007ffdf6330000 - 0x00007ffdf6fee000 	C:\WINDOWS\SYSTEM32\ig9icd64.dll
0x00007ffe2f410000 - 0x00007ffe2f423000 	C:\WINDOWS\SYSTEM32\WTSAPI32.dll
0x00007ffe28790000 - 0x00007ffe295dd000 	C:\WINDOWS\SYSTEM32\igc64.dll
0x00007ffe11ec0000 - 0x00007ffe11f00000 	c:\Program Files\WIDCOMM\Bluetooth Software\btmmhook.dll
0x00007ffe31e10000 - 0x00007ffe31f53000 	C:\WINDOWS\system32\ole32.dll
0x000000005e220000 - 0x000000005e3b8000 	C:\Program Files\Java\jre1.8.0_66\bin\awt.dll
0x00007ffe2f1a0000 - 0x00007ffe2f219000 	C:\WINDOWS\system32\apphelp.dll
0x00007ffe30750000 - 0x00007ffe30767000 	C:\WINDOWS\SYSTEM32\CRYPTSP.dll
0x00007ffe303e0000 - 0x00007ffe30414000 	C:\WINDOWS\system32\rsaenh.dll
0x00007ffe30970000 - 0x00007ffe30999000 	C:\WINDOWS\SYSTEM32\bcrypt.dll
0x00007ffe30530000 - 0x00007ffe3054f000 	C:\WINDOWS\SYSTEM32\USERENV.dll
0x000000005f5b0000 - 0x000000005f5ca000 	C:\Program Files\Java\jre1.8.0_66\bin\net.dll
0x00007ffe306a0000 - 0x00007ffe306fc000 	C:\WINDOWS\system32\mswsock.dll
0x00007ffe2dee0000 - 0x00007ffe2df18000 	C:\WINDOWS\SYSTEM32\IPHLPAPI.DLL
0x00007ffe31d30000 - 0x00007ffe31d38000 	C:\WINDOWS\system32\NSI.dll
0x00007ffe2b7f0000 - 0x00007ffe2b806000 	C:\WINDOWS\SYSTEM32\dhcpcsvc6.DLL
0x00007ffe2b810000 - 0x00007ffe2b82a000 	C:\WINDOWS\SYSTEM32\dhcpcsvc.DLL
0x000000005f590000 - 0x000000005f5a1000 	C:\Program Files\Java\jre1.8.0_66\bin\nio.dll
0x000000005dac0000 - 0x000000005daf1000 	C:\Program Files\Java\jre1.8.0_66\bin\jpeg.dll
0x000000005db10000 - 0x000000005db4c000 	C:\Program Files\Java\jre1.8.0_66\bin\lcms.dll
0x00007ffe32400000 - 0x00007ffe324a7000 	C:\WINDOWS\system32\clbcatq.dll
0x00007ffe238e0000 - 0x00007ffe23a3c000 	C:\Windows\System32\uiautomationcore.dll
0x00007ffe30c30000 - 0x00007ffe30cc9000 	C:\WINDOWS\SYSTEM32\sxs.dll
0x00007ffe25e00000 - 0x00007ffe25e6a000 	C:\Windows\System32\OLEACC.dll
0x00007ffe30010000 - 0x00007ffe30066000 	C:\WINDOWS\SYSTEM32\WINSTA.dll
0x00007ffe2d370000 - 0x00007ffe2d4fc000 	C:\WINDOWS\SYSTEM32\dbghelp.dll

VM Arguments:
jvm_args: -Djava.library.path=C:\Users\Jacob\workspace\WumpusWorld\res\lwjgl\native -Dfile.encoding=Cp1252 
java_command: Game_Main
java_class_path (initial): C:\Users\Jacob\workspace\WumpusWorld\bin;C:\Users\Jacob\workspace\WumpusWorld\res\lwjgl\jar\lwjgl.jar
Launcher Type: SUN_STANDARD

Environment Variables:
PATH=C:/Program Files/Java/jre1.8.0_66/bin/server;C:/Program Files/Java/jre1.8.0_66/bin;C:/Program Files/Java/jre1.8.0_66/lib/amd64;C:\ProgramData\Oracle\Java\javapath;C:\Program Files\Dell\DW WLAN Card;C:\WINDOWS\system32;C:\WINDOWS;C:\WINDOWS\System32\Wbem;C:\WINDOWS\System32\WindowsPowerShell\v1.0\;c:\Program Files\WIDCOMM\Bluetooth Software\;c:\Program Files\WIDCOMM\Bluetooth Software\syswow64;C:\WINDOWS\system32\config\systemprofile\.dnx\bin;C:\Program Files\Microsoft DNX\Dnvm\;C:\Program Files (x86)\Windows Kits\8.1\Windows Performance Toolkit\;C:\Program Files\nodejs\;C:\Program Files\Emscripten\emscripten\1.35.0;C:\Program Files\Emscripten;C:\Program Files\Emscripten\clang\e1.35.0_64bit;C:\Program Files\Emscripten\node\0.12.2_64bit;C:\Program Files\Emscripten\python\2.7.5.3_64bit;C:\Program Files\Emscripten\java\7.45_64bit\bin;C:\Program Files\Emscripten\crunch\1.03;C:\Program Files\Emscripten\mingw\4.6.2_32bit;C:\Users\Jacob\Anaconda2;C:\Users\Jacob\Anaconda2\Scripts;C:\Users\Jacob\Anaconda2\Library\bin;C:\Users\Jacob\AppData\Roaming\npm;C:\Program Files (x86)\Microsoft VS Code\bin;C:\WINDOWS\System32;
USERNAME=Jacob
OS=Windows_NT
PROCESSOR_IDENTIFIER=Intel64 Family 6 Model 78 Stepping 3, GenuineIntel



---------------  S Y S T E M  ---------------

OS: Windows 10.0 , 64 bit Build 10586 (10.0.10586.0)

CPU:total 4 (2 cores per cpu, 2 threads per core) family 6 model 78 stepping 3, cmov, cx8, fxsr, mmx, sse, sse2, sse3, ssse3, sse4.1, sse4.2, popcnt, avx, avx2, aes, clmul, erms, 3dnowpref, lzcnt, ht, tsc, tscinvbit, bmi1, bmi2, adx

Memory: 4k page, physical 8251732k(3770156k free), swap 9562452k(3397484k free)

vm_info: Java HotSpot(TM) 64-Bit Server VM (25.66-b18) for windows-amd64 JRE (1.8.0_66-b18), built on Nov  9 2015 10:51:13 by "java_re" with MS VC++ 10.0 (VS2010)

time: Sun Apr 24 16:18:32 2016
elapsed time: 2450 seconds (0d 0h 40m 50s)

